<?xml version="1.0" encoding="UTF-8"?>
<testsuite xmlns:xsi="http://www.w3.org/2001/XMLSchema-instance" xsi:schemaLocation="https://maven.apache.org/surefire/maven-surefire-plugin/xsd/surefire-test-report.xsd" name="TSBMortagage.RunnerTest" time="63.83" tests="74" errors="0" skipped="0" failures="0">
  <properties>
    <property name="java.runtime.name" value="Java(TM) SE Runtime Environment"/>
    <property name="sun.boot.library.path" value="C:\Program Files\Java\jdk1.8.0_191\jre\bin"/>
    <property name="java.vm.version" value="25.191-b12"/>
    <property name="java.vm.vendor" value="Oracle Corporation"/>
    <property name="maven.multiModuleProjectDirectory" value="C:\Selenium\eclipse-workspace\TSBMortgage"/>
    <property name="java.vendor.url" value="http://java.oracle.com/"/>
    <property name="path.separator" value=";"/>
    <property name="guice.disable.misplaced.annotation.check" value="true"/>
    <property name="java.vm.name" value="Java HotSpot(TM) 64-Bit Server VM"/>
    <property name="file.encoding.pkg" value="sun.io"/>
    <property name="user.script" value=""/>
    <property name="user.country" value="GB"/>
    <property name="sun.java.launcher" value="SUN_STANDARD"/>
    <property name="sun.os.patch.level" value=""/>
    <property name="java.vm.specification.name" value="Java Virtual Machine Specification"/>
    <property name="user.dir" value="C:\Selenium\eclipse-workspace\TSBMortgage"/>
    <property name="java.runtime.version" value="1.8.0_191-b12"/>
    <property name="java.awt.graphicsenv" value="sun.awt.Win32GraphicsEnvironment"/>
    <property name="java.endorsed.dirs" value="C:\Program Files\Java\jdk1.8.0_191\jre\lib\endorsed"/>
    <property name="os.arch" value="amd64"/>
    <property name="java.io.tmpdir" value="C:\Users\TONYSH~1\AppData\Local\Temp\"/>
    <property name="line.separator" value="&#10;"/>
    <property name="java.vm.specification.vendor" value="Oracle Corporation"/>
    <property name="user.variant" value=""/>
    <property name="os.name" value="Windows 10"/>
    <property name="classworlds.conf" value="C:\apache-maven-3.6.3\bin\..\bin\m2.conf"/>
    <property name="sun.jnu.encoding" value="Cp1252"/>
    <property name="java.library.path" value="C:\Program Files\Java\jdk1.8.0_191\bin;C:\WINDOWS\Sun\Java\bin;C:\WINDOWS\system32;C:\WINDOWS;C:\Program Files (x86)\Common Files\Oracle\Java\javapath;C:\WINDOWS\system32;C:\WINDOWS;C:\WINDOWS\System32\Wbem;C:\WINDOWS\System32\WindowsPowerShell\v1.0\;C:\WINDOWS\System32\OpenSSH\;C:\Program Files (x86)\Intel\Intel(R) Management Engine Components\DAL;C:\Program Files\Intel\Intel(R) Management Engine Components\DAL;C:\Program Files (x86)\Intel\Intel(R) Management Engine Components\IPT;C:\Program Files\Intel\Intel(R) Management Engine Components\IPT;C:\apache-maven-3.6.3\bin;C:\Program Files\Java\jdk1.8.0_191\bin;C:\Users\tonyshugar\AppData\Local\Microsoft\WindowsApps;C:\apache-maven-3.6.3\bin;;."/>
    <property name="maven.conf" value="C:\apache-maven-3.6.3\bin\../conf"/>
    <property name="java.specification.name" value="Java Platform API Specification"/>
    <property name="java.class.version" value="52.0"/>
    <property name="sun.management.compiler" value="HotSpot 64-Bit Tiered Compilers"/>
    <property name="os.version" value="10.0"/>
    <property name="library.jansi.path" value="C:\apache-maven-3.6.3\bin\..\lib\jansi-native"/>
    <property name="user.home" value="C:\Users\tonyshugar"/>
    <property name="user.timezone" value="Europe/London"/>
    <property name="java.awt.printerjob" value="sun.awt.windows.WPrinterJob"/>
    <property name="java.specification.version" value="1.8"/>
    <property name="file.encoding" value="Cp1252"/>
    <property name="user.name" value="tonyshugar"/>
    <property name="java.class.path" value="C:\apache-maven-3.6.3\bin\..\boot\plexus-classworlds-2.6.0.jar"/>
    <property name="java.vm.specification.version" value="1.8"/>
    <property name="sun.arch.data.model" value="64"/>
    <property name="java.home" value="C:\Program Files\Java\jdk1.8.0_191\jre"/>
    <property name="sun.java.command" value="org.codehaus.plexus.classworlds.launcher.Launcher clean test"/>
    <property name="java.specification.vendor" value="Oracle Corporation"/>
    <property name="user.language" value="en"/>
    <property name="awt.toolkit" value="sun.awt.windows.WToolkit"/>
    <property name="java.vm.info" value="mixed mode"/>
    <property name="java.version" value="1.8.0_191"/>
    <property name="java.ext.dirs" value="C:\Program Files\Java\jdk1.8.0_191\jre\lib\ext;C:\WINDOWS\Sun\Java\lib\ext"/>
    <property name="sun.boot.class.path" value="C:\Program Files\Java\jdk1.8.0_191\jre\lib\resources.jar;C:\Program Files\Java\jdk1.8.0_191\jre\lib\rt.jar;C:\Program Files\Java\jdk1.8.0_191\jre\lib\sunrsasign.jar;C:\Program Files\Java\jdk1.8.0_191\jre\lib\jsse.jar;C:\Program Files\Java\jdk1.8.0_191\jre\lib\jce.jar;C:\Program Files\Java\jdk1.8.0_191\jre\lib\charsets.jar;C:\Program Files\Java\jdk1.8.0_191\jre\lib\jfr.jar;C:\Program Files\Java\jdk1.8.0_191\jre\classes"/>
    <property name="sun.stderr.encoding" value="cp850"/>
    <property name="java.vendor" value="Oracle Corporation"/>
    <property name="maven.home" value="C:\apache-maven-3.6.3\bin\.."/>
    <property name="file.separator" value="\"/>
    <property name="java.vendor.url.bug" value="http://bugreport.sun.com/bugreport/"/>
    <property name="sun.cpu.endian" value="little"/>
    <property name="sun.io.unicode.encoding" value="UnicodeLittle"/>
    <property name="sun.stdout.encoding" value="cp850"/>
    <property name="sun.desktop" value="windows"/>
    <property name="sun.cpu.isalist" value="amd64"/>
  </properties>
  <testcase name="Given I am on the homepage" classname="Scenario: As a first time buyer i want to be able to get  mortgage promise" time="0.009"/>
  <testcase name="And I click on the Firstime buyer link" classname="Scenario: As a first time buyer i want to be able to get  mortgage promise" time="0"/>
  <testcase name="And I click on get a mortagage promise button" classname="Scenario: As a first time buyer i want to be able to get  mortgage promise" time="0"/>
  <testcase name="When I click on continue button" classname="Scenario: As a first time buyer i want to be able to get  mortgage promise" time="0"/>
  <testcase name="When I select Buy a home from application type dropdown" classname="Scenario: As a first time buyer i want to be able to get  mortgage promise" time="0"/>
  <testcase name="And I click  a sole applicant" classname="Scenario: As a first time buyer i want to be able to get  mortgage promise" time="0"/>
  <testcase name="And I click yes on Age question" classname="Scenario: As a first time buyer i want to be able to get  mortgage promise" time="0"/>
  <testcase name="And I click yes on resident question" classname="Scenario: As a first time buyer i want to be able to get  mortgage promise" time="0"/>
  <testcase name="And I click yes on main residence question" classname="Scenario: As a first time buyer i want to be able to get  mortgage promise" time="0"/>
  <testcase name="And I click  yes on the income question" classname="Scenario: As a first time buyer i want to be able to get  mortgage promise" time="0"/>
  <testcase name="And I click no the arrears question" classname="Scenario: As a first time buyer i want to be able to get  mortgage promise" time="0"/>
  <testcase name="And I click  no on the CCJ question" classname="Scenario: As a first time buyer i want to be able to get  mortgage promise" time="0"/>
  <testcase name="And I click no on the bankruptcy question" classname="Scenario: As a first time buyer i want to be able to get  mortgage promise" time="0"/>
  <testcase name="And I click no on the IO question" classname="Scenario: As a first time buyer i want to be able to get  mortgage promise" time="0"/>
  <testcase name="Then i click on continue option" classname="Scenario: As a first time buyer i want to be able to get  mortgage promise" time="0"/>
  <testcase name="And I tick the disclosure radio button" classname="Scenario: As a first time buyer i want to be able to get  mortgage promise" time="0"/>
  <testcase name="And I click on the continue button" classname="Scenario: As a first time buyer i want to be able to get  mortgage promise" time="0"/>
  <testcase name="And I click yes on first time buyer question" classname="Scenario: As a first time buyer i want to be able to get  mortgage promise" time="0"/>
  <testcase name="And I select a title from the dropdown menu" classname="Scenario: As a first time buyer i want to be able to get  mortgage promise" time="0"/>
  <testcase name="And I enter a Fist name" classname="Scenario: As a first time buyer i want to be able to get  mortgage promise" time="0"/>
  <testcase name="And I enter a last name?" classname="Scenario: As a first time buyer i want to be able to get  mortgage promise" time="0"/>
  <testcase name="Then I click on the male gender button" classname="Scenario: As a first time buyer i want to be able to get  mortgage promise" time="0"/>
  <testcase name="And I click no on the name change button" classname="Scenario: As a first time buyer i want to be able to get  mortgage promise" time="0"/>
  <testcase name="And I enter a DOB" classname="Scenario: As a first time buyer i want to be able to get  mortgage promise" time="0"/>
  <testcase name="And i select single from the marital status dropdown" classname="Scenario: As a first time buyer i want to be able to get  mortgage promise" time="0"/>
  <testcase name="And I click a number of dependant" classname="Scenario: As a first time buyer i want to be able to get  mortgage promise" time="0"/>
  <testcase name="And I select  a nationality from dropdown" classname="Scenario: As a first time buyer i want to be able to get  mortgage promise" time="0"/>
  <testcase name="And I select a country of residence" classname="Scenario: As a first time buyer i want to be able to get  mortgage promise" time="0"/>
  <testcase name="And I enter my city of birth" classname="Scenario: As a first time buyer i want to be able to get  mortgage promise" time="0"/>
  <testcase name="And I select a country of birth from dropdown" classname="Scenario: As a first time buyer i want to be able to get  mortgage promise" time="0"/>
  <testcase name="And I select a country of tax residence  from dropdown" classname="Scenario: As a first time buyer i want to be able to get  mortgage promise" time="0"/>
  <testcase name="And I click No on US Citizen question" classname="Scenario: As a first time buyer i want to be able to get  mortgage promise" time="0"/>
  <testcase name="And I click No on Politically exposed person" classname="Scenario: As a first time buyer i want to be able to get  mortgage promise" time="0"/>
  <testcase name="Then I click on next button" classname="Scenario: As a first time buyer i want to be able to get  mortgage promise" time="0"/>
  <testcase name="And I select a residential status" classname="Scenario: As a first time buyer i want to be able to get  mortgage promise" time="0"/>
  <testcase name="And I enter a postcode" classname="Scenario: As a first time buyer i want to be able to get  mortgage promise" time="0"/>
  <testcase name="And I click on find address button" classname="Scenario: As a first time buyer i want to be able to get  mortgage promise" time="0"/>
  <testcase name="And I click on address dropdown to select address" classname="Scenario: As a first time buyer i want to be able to get  mortgage promise" time="0"/>
  <testcase name="And I enter a date moved" classname="Scenario: As a first time buyer i want to be able to get  mortgage promise" time="0"/>
  <testcase name="Then I enter a telephone number" classname="Scenario: As a first time buyer i want to be able to get  mortgage promise" time="0"/>
  <testcase name="And I enter a preferred email address" classname="Scenario: As a first time buyer i want to be able to get  mortgage promise" time="0"/>
  <testcase name="And I click on No to post question" classname="Scenario: As a first time buyer i want to be able to get  mortgage promise" time="0"/>
  <testcase name="And I click on yes to email question" classname="Scenario: As a first time buyer i want to be able to get  mortgage promise" time="0"/>
  <testcase name="And I click on No to text question" classname="Scenario: As a first time buyer i want to be able to get  mortgage promise" time="0"/>
  <testcase name="And I click on yes to phone  question" classname="Scenario: As a first time buyer i want to be able to get  mortgage promise" time="0"/>
  <testcase name="Then I click on next option" classname="Scenario: As a first time buyer i want to be able to get  mortgage promise" time="0"/>
  <testcase name="And I select property type" classname="Scenario: As a first time buyer i want to be able to get  mortgage promise" time="0"/>
  <testcase name="And i enter a loan amount" classname="Scenario: As a first time buyer i want to be able to get  mortgage promise" time="0"/>
  <testcase name="And I enter a purchase price" classname="Scenario: As a first time buyer i want to be able to get  mortgage promise" time="0"/>
  <testcase name="Then I enter a source of deposit" classname="Scenario: As a first time buyer i want to be able to get  mortgage promise" time="0"/>
  <testcase name="And I click no to buying flat  question" classname="Scenario: As a first time buyer i want to be able to get  mortgage promise" time="0"/>
  <testcase name="And I click no to purchase scheme   question" classname="Scenario: As a first time buyer i want to be able to get  mortgage promise" time="0"/>
  <testcase name="And I click no to new build question" classname="Scenario: As a first time buyer i want to be able to get  mortgage promise" time="0"/>
  <testcase name="And I click no to property wish question  question" classname="Scenario: As a first time buyer i want to be able to get  mortgage promise" time="0"/>
  <testcase name="And I click no to own properties  question" classname="Scenario: As a first time buyer i want to be able to get  mortgage promise" time="0"/>
  <testcase name="Then I click next button" classname="Scenario: As a first time buyer i want to be able to get  mortgage promise" time="0"/>
  <testcase name="And I click number of main incomes" classname="Scenario: As a first time buyer i want to be able to get  mortgage promise" time="0"/>
  <testcase name="And I click current employment status dropdown" classname="Scenario: As a first time buyer i want to be able to get  mortgage promise" time="0"/>
  <testcase name="And I select employment status" classname="Scenario: As a first time buyer i want to be able to get  mortgage promise" time="0"/>
  <testcase name="And I enter employers name" classname="Scenario: As a first time buyer i want to be able to get  mortgage promise" time="0"/>
  <testcase name="And I click on contract type dropdown" classname="Scenario: As a first time buyer i want to be able to get  mortgage promise" time="0"/>
  <testcase name="And I select contract type from dropdown" classname="Scenario: As a first time buyer i want to be able to get  mortgage promise" time="0"/>
  <testcase name="And I enter occupation" classname="Scenario: As a first time buyer i want to be able to get  mortgage promise" time="0"/>
  <testcase name="And I click on type of employment dropdown" classname="Scenario: As a first time buyer i want to be able to get  mortgage promise" time="0"/>
  <testcase name="And I select type of employment from dropdown" classname="Scenario: As a first time buyer i want to be able to get  mortgage promise" time="0"/>
  <testcase name="And I enter date started" classname="Scenario: As a first time buyer i want to be able to get  mortgage promise" time="0"/>
  <testcase name="And I enter Basic annual income" classname="Scenario: As a first time buyer i want to be able to get  mortgage promise" time="0"/>
  <testcase name="And I enter a monthly net income" classname="Scenario: As a first time buyer i want to be able to get  mortgage promise" time="0"/>
  <testcase name="And I click no on other income option" classname="Scenario: As a first time buyer i want to be able to get  mortgage promise" time="0"/>
  <testcase name="And I enter anticipated retirement  age" classname="Scenario: As a first time buyer i want to be able to get  mortgage promise" time="0"/>
  <testcase name="And I click a next button option" classname="Scenario: As a first time buyer i want to be able to get  mortgage promise" time="0"/>
  <testcase name="Then I click next button on expenditure page" classname="Scenario: As a first time buyer i want to be able to get  mortgage promise" time="0"/>
  <testcase name="Then I click on Submit application" classname="Scenario: As a first time buyer i want to be able to get  mortgage promise" time="0"/>
  <testcase name="Scenario: As a first time buyer i want to be able to get  mortgage promise" classname="Scenario: As a first time buyer i want to be able to get  mortgage promise" time="0"/>
</testsuite>